<?xml version="1.0" encoding="UTF-8"?>
<!-- Generated by org.testng.reporters.JUnitReportReporter -->
<testsuite hostname="LAPTOP-SQN05NQ4" failures="0" tests="1" name="tests.RegisterTest" time="30.912" errors="0" timestamp="2023-05-25T20:16:18 IST" skipped="0">
  <testcase classname="tests.RegisterTest" name="RegisterTCValid" time="30.912"/>
  <system-out/>
</testsuite> <!-- tests.RegisterTest -->
