<?xml version="1.0" encoding="UTF-8"?>
<!-- Generated by org.testng.reporters.JUnitReportReporter -->
<testsuite hostname="LAPTOP-SQN05NQ4" failures="0" tests="1" name="tests.addtocart" time="32.944" errors="0" timestamp="2023-05-25T19:29:41 IST" skipped="0">
  <testcase classname="tests.addtocart" name="addtocart1" time="32.944"/>
  <system-out/>
</testsuite> <!-- tests.addtocart -->
