<?xml version="1.0" encoding="UTF-8"?>
<!-- Generated by org.testng.reporters.JUnitReportReporter -->
<testsuite hostname="LAPTOP-SQN05NQ4" failures="0" tests="1" name="tests.linksverify" time="23.731" errors="0" timestamp="2023-05-25T19:45:13 IST" skipped="0">
  <testcase classname="tests.linksverify" name="verifylinks" time="23.731"/>
  <system-out/>
</testsuite> <!-- tests.linksverify -->
