<?xml version="1.0" encoding="UTF-8"?>
<!-- Generated by org.testng.reporters.JUnitReportReporter -->
<testsuite hostname="LAPTOP-SQN05NQ4" failures="0" tests="1" name="tests.MouseHoverTest" time="13.075" errors="0" timestamp="2023-05-20T21:59:48 IST" skipped="0">
  <testcase classname="tests.MouseHoverTest" name="testMouseHoverTabsAndClickProduct" time="13.075"/>
  <system-out/>
</testsuite> <!-- tests.MouseHoverTest -->
